1616027236.425271 client started (18969): version 2.6, socket /tmp/tmux-1000/default, protocol 8
1616027236.425331 on Linux 5.4.0-67-generic #75~18.04.1-Ubuntu SMP Tue Feb 23 19:17:50 UTC 2021; libevent 2.1.8-stable (poll)
1616027236.425368 socket is /tmp/tmux-1000/default
1616027236.425391 trying connect
1616027236.425535 add peer 0x556bf4edaf40: 6 ((nil))
1616027236.425652 sending message 100 to peer 0x556bf4edaf40 (4 bytes)
1616027236.425670 sending message 101 to peer 0x556bf4edaf40 (7 bytes)
1616027236.425681 sending message 102 to peer 0x556bf4edaf40 (11 bytes)
1616027236.425691 sending message 108 to peer 0x556bf4edaf40 (28 bytes)
1616027236.425703 sending message 104 to peer 0x556bf4edaf40 (0 bytes)
1616027236.425715 sending message 107 to peer 0x556bf4edaf40 (4 bytes)
1616027236.425725 sending message 105 to peer 0x556bf4edaf40 (22 bytes)
1616027236.425735 sending message 105 to peer 0x556bf4edaf40 (14 bytes)
1616027236.425745 sending message 105 to peer 0x556bf4edaf40 (1516 bytes)
1616027236.425775 sending message 105 to peer 0x556bf4edaf40 (43 bytes)
1616027236.425786 sending message 105 to peer 0x556bf4edaf40 (41 bytes)
1616027236.425796 sending message 105 to peer 0x556bf4edaf40 (27 bytes)
1616027236.425806 sending message 105 to peer 0x556bf4edaf40 (34 bytes)
1616027236.425815 sending message 105 to peer 0x556bf4edaf40 (21 bytes)
1616027236.425825 sending message 105 to peer 0x556bf4edaf40 (24 bytes)
1616027236.425834 sending message 105 to peer 0x556bf4edaf40 (23 bytes)
1616027236.425843 sending message 105 to peer 0x556bf4edaf40 (17 bytes)
1616027236.425853 sending message 105 to peer 0x556bf4edaf40 (11 bytes)
1616027236.425862 sending message 105 to peer 0x556bf4edaf40 (32 bytes)
1616027236.425872 sending message 105 to peer 0x556bf4edaf40 (20 bytes)
1616027236.425881 sending message 105 to peer 0x556bf4edaf40 (70 bytes)
1616027236.425891 sending message 105 to peer 0x556bf4edaf40 (14 bytes)
1616027236.425900 sending message 105 to peer 0x556bf4edaf40 (11 bytes)
1616027236.425909 sending message 105 to peer 0x556bf4edaf40 (41 bytes)
1616027236.425919 sending message 105 to peer 0x556bf4edaf40 (54 bytes)
1616027236.425929 sending message 105 to peer 0x556bf4edaf40 (14 bytes)
1616027236.425938 sending message 105 to peer 0x556bf4edaf40 (7 bytes)
1616027236.425948 sending message 105 to peer 0x556bf4edaf40 (20 bytes)
1616027236.425957 sending message 105 to peer 0x556bf4edaf40 (17 bytes)
1616027236.425966 sending message 105 to peer 0x556bf4edaf40 (10 bytes)
1616027236.425976 sending message 105 to peer 0x556bf4edaf40 (23 bytes)
1616027236.425985 sending message 105 to peer 0x556bf4edaf40 (18 bytes)
1616027236.425995 sending message 105 to peer 0x556bf4edaf40 (33 bytes)
1616027236.426005 sending message 105 to peer 0x556bf4edaf40 (86 bytes)
1616027236.426015 sending message 105 to peer 0x556bf4edaf40 (51 bytes)
1616027236.426024 sending message 105 to peer 0x556bf4edaf40 (32 bytes)
1616027236.426033 sending message 105 to peer 0x556bf4edaf40 (16 bytes)
1616027236.426043 sending message 105 to peer 0x556bf4edaf40 (49 bytes)
1616027236.426053 sending message 105 to peer 0x556bf4edaf40 (21 bytes)
1616027236.426063 sending message 105 to peer 0x556bf4edaf40 (19 bytes)
1616027236.426072 sending message 105 to peer 0x556bf4edaf40 (19 bytes)
1616027236.426081 sending message 105 to peer 0x556bf4edaf40 (36 bytes)
1616027236.426090 sending message 105 to peer 0x556bf4edaf40 (21 bytes)
1616027236.426099 sending message 105 to peer 0x556bf4edaf40 (35 bytes)
1616027236.426109 sending message 105 to peer 0x556bf4edaf40 (53 bytes)
1616027236.426119 sending message 105 to peer 0x556bf4edaf40 (85 bytes)
1616027236.426129 sending message 105 to peer 0x556bf4edaf40 (11 bytes)
1616027236.426138 sending message 105 to peer 0x556bf4edaf40 (27 bytes)
1616027236.426147 sending message 105 to peer 0x556bf4edaf40 (23 bytes)
1616027236.426156 sending message 105 to peer 0x556bf4edaf40 (23 bytes)
1616027236.426167 sending message 105 to peer 0x556bf4edaf40 (28 bytes)
1616027236.426177 sending message 105 to peer 0x556bf4edaf40 (13 bytes)
1616027236.426202 sending message 105 to peer 0x556bf4edaf40 (17 bytes)
1616027236.426211 sending message 105 to peer 0x556bf4edaf40 (12 bytes)
1616027236.426221 sending message 105 to peer 0x556bf4edaf40 (16 bytes)
1616027236.426230 sending message 105 to peer 0x556bf4edaf40 (18 bytes)
1616027236.426240 sending message 105 to peer 0x556bf4edaf40 (20 bytes)
1616027236.426249 sending message 105 to peer 0x556bf4edaf40 (18 bytes)
1616027236.426258 sending message 105 to peer 0x556bf4edaf40 (33 bytes)
1616027236.426268 sending message 105 to peer 0x556bf4edaf40 (52 bytes)
1616027236.426277 sending message 105 to peer 0x556bf4edaf40 (29 bytes)
1616027236.426287 sending message 105 to peer 0x556bf4edaf40 (14 bytes)
1616027236.426296 sending message 105 to peer 0x556bf4edaf40 (15 bytes)
1616027236.426306 sending message 105 to peer 0x556bf4edaf40 (8 bytes)
1616027236.426315 sending message 105 to peer 0x556bf4edaf40 (25 bytes)
1616027236.426324 sending message 105 to peer 0x556bf4edaf40 (18 bytes)
1616027236.426334 sending message 105 to peer 0x556bf4edaf40 (44 bytes)
1616027236.426343 sending message 105 to peer 0x556bf4edaf40 (13 bytes)
1616027236.426352 sending message 105 to peer 0x556bf4edaf40 (54 bytes)
1616027236.426362 sending message 105 to peer 0x556bf4edaf40 (31 bytes)
1616027236.426371 sending message 105 to peer 0x556bf4edaf40 (41 bytes)
1616027236.426386 sending message 105 to peer 0x556bf4edaf40 (45 bytes)
1616027236.426396 sending message 105 to peer 0x556bf4edaf40 (360 bytes)
1616027236.426406 sending message 105 to peer 0x556bf4edaf40 (30 bytes)
1616027236.426415 sending message 105 to peer 0x556bf4edaf40 (92 bytes)
1616027236.426425 sending message 105 to peer 0x556bf4edaf40 (32 bytes)
1616027236.426434 sending message 105 to peer 0x556bf4edaf40 (19 bytes)
1616027236.426443 sending message 105 to peer 0x556bf4edaf40 (20 bytes)
1616027236.426452 sending message 105 to peer 0x556bf4edaf40 (18 bytes)
1616027236.426461 sending message 105 to peer 0x556bf4edaf40 (16 bytes)
1616027236.426470 sending message 105 to peer 0x556bf4edaf40 (16 bytes)
1616027236.426479 sending message 106 to peer 0x556bf4edaf40 (0 bytes)
1616027236.426490 sending message 200 to peer 0x556bf4edaf40 (4 bytes)
1616027236.426499 client loop enter
1616027236.426931 peer 0x556bf4edaf40 message 211
1616027236.426939 peer 0x556bf4edaf40 message 203
1616027236.426942 client loop exit
